<?xml version="1.0" encoding="UTF-8"?>
<testng-results ignored="0" total="2" passed="2" failed="0" skipped="0">
  <reporter-output>
  </reporter-output>
  <suite started-at="2022-08-22T14:17:11 IST" name="Suite" finished-at="2022-08-22T14:17:41 IST" duration-ms="30715">
    <groups>
    </groups>
    <test started-at="2022-08-22T14:17:11 IST" name="Test" finished-at="2022-08-22T14:17:41 IST" duration-ms="30715">
      <class name="week7.day1.EditLead">
        <test-method is-config="true" signature="preCondition(java.lang.String,java.lang.String,java.lang.String,java.lang.String)[pri:0, instance:week7.day1.EditLead@2e6a8155]" started-at="2022-08-22T14:17:12 IST" name="preCondition" finished-at="2022-08-22T14:17:20 IST" duration-ms="8326" status="PASS">
          <params>
            <param index="0">
              <value>
                <![CDATA[chrome]]>
              </value>
            </param>
            <param index="1">
              <value>
                <![CDATA[http://leaftaps.com/opentaps/]]>
              </value>
            </param>
            <param index="2">
              <value>
                <![CDATA[demosalesmanager]]>
              </value>
            </param>
            <param index="3">
              <value>
                <![CDATA[crmsfa]]>
              </value>
            </param>
          </params>
          <reporter-output>
          </reporter-output>
        </test-method> <!-- preCondition -->
        <test-method signature="editLead(java.lang.String,java.lang.String)[pri:0, instance:week7.day1.EditLead@2e6a8155]" started-at="2022-08-22T14:17:20 IST" name="editLead" data-provider="Edit" finished-at="2022-08-22T14:17:27 IST" duration-ms="7021" status="PASS">
          <params>
            <param index="0">
              <value>
                <![CDATA[99]]>
              </value>
            </param>
            <param index="1">
              <value>
                <![CDATA[Tcs]]>
              </value>
            </param>
          </params>
          <reporter-output>
          </reporter-output>
        </test-method> <!-- editLead -->
        <test-method is-config="true" signature="postCondition()[pri:0, instance:week7.day1.EditLead@2e6a8155]" started-at="2022-08-22T14:17:27 IST" name="postCondition" finished-at="2022-08-22T14:17:27 IST" duration-ms="213" status="PASS">
          <reporter-output>
          </reporter-output>
        </test-method> <!-- postCondition -->
        <test-method is-config="true" signature="preCondition(java.lang.String,java.lang.String,java.lang.String,java.lang.String)[pri:0, instance:week7.day1.EditLead@2e6a8155]" started-at="2022-08-22T14:17:27 IST" name="preCondition" finished-at="2022-08-22T14:17:34 IST" duration-ms="7132" status="PASS">
          <params>
            <param index="0">
              <value>
                <![CDATA[chrome]]>
              </value>
            </param>
            <param index="1">
              <value>
                <![CDATA[http://leaftaps.com/opentaps/]]>
              </value>
            </param>
            <param index="2">
              <value>
                <![CDATA[demosalesmanager]]>
              </value>
            </param>
            <param index="3">
              <value>
                <![CDATA[crmsfa]]>
              </value>
            </param>
          </params>
          <reporter-output>
          </reporter-output>
        </test-method> <!-- preCondition -->
        <test-method signature="editLead(java.lang.String,java.lang.String)[pri:0, instance:week7.day1.EditLead@2e6a8155]" started-at="2022-08-22T14:17:34 IST" name="editLead" data-provider="Edit" finished-at="2022-08-22T14:17:41 IST" duration-ms="6777" status="PASS">
          <params>
            <param index="0">
              <value>
                <![CDATA[97]]>
              </value>
            </param>
            <param index="1">
              <value>
                <![CDATA[Cts]]>
              </value>
            </param>
          </params>
          <reporter-output>
          </reporter-output>
        </test-method> <!-- editLead -->
        <test-method is-config="true" signature="postCondition()[pri:0, instance:week7.day1.EditLead@2e6a8155]" started-at="2022-08-22T14:17:41 IST" name="postCondition" finished-at="2022-08-22T14:17:41 IST" duration-ms="183" status="PASS">
          <reporter-output>
          </reporter-output>
        </test-method> <!-- postCondition -->
      </class> <!-- week7.day1.EditLead -->
    </test> <!-- Test -->
  </suite> <!-- Suite -->
</testng-results>
